d:\vs2015\dsst\dsst\libs\freeglut\freeglut\release\freeglut.pdb
d:\vs2015\dsst\dsst\libs\freeglut\freeglut\release\fg_stroke_roman.obj
d:\vs2015\dsst\dsst\libs\freeglut\freeglut\release\fg_stroke_mono_roman.obj
d:\vs2015\dsst\dsst\libs\freeglut\freeglut\release\fg_state.obj
d:\vs2015\dsst\dsst\libs\freeglut\freeglut\release\fg_spaceball.obj
d:\vs2015\dsst\dsst\libs\freeglut\freeglut\release\fg_overlay.obj
d:\vs2015\dsst\dsst\libs\freeglut\freeglut\release\fg_misc.obj
d:\vs2015\dsst\dsst\libs\freeglut\freeglut\release\fg_menu.obj
d:\vs2015\dsst\dsst\libs\freeglut\freeglut\release\fg_main.obj
d:\vs2015\dsst\dsst\libs\freeglut\freeglut\release\fg_joystick.obj
d:\vs2015\dsst\dsst\libs\freeglut\freeglut\release\fg_input_devices.obj
d:\vs2015\dsst\dsst\libs\freeglut\freeglut\release\fg_init.obj
d:\vs2015\dsst\dsst\libs\freeglut\freeglut\release\fg_gl2.obj
d:\vs2015\dsst\dsst\libs\freeglut\freeglut\release\fg_geometry.obj
d:\vs2015\dsst\dsst\libs\freeglut\freeglut\release\fg_gamemode.obj
d:\vs2015\dsst\dsst\libs\freeglut\freeglut\release\fg_font_data.obj
d:\vs2015\dsst\dsst\libs\freeglut\freeglut\release\fg_font.obj
d:\vs2015\dsst\dsst\libs\freeglut\freeglut\release\fg_ext.obj
d:\vs2015\dsst\dsst\libs\freeglut\freeglut\release\fg_display.obj
d:\vs2015\dsst\dsst\libs\freeglut\freeglut\release\fg_cursor.obj
d:\vs2015\dsst\dsst\libs\freeglut\freeglut\release\fg_callbacks.obj
d:\vs2015\dsst\dsst\libs\freeglut\freeglut\release\xparsegeometry_repl.obj
d:\vs2015\dsst\dsst\libs\freeglut\freeglut\release\fg_window_mswin.obj
d:\vs2015\dsst\dsst\libs\freeglut\freeglut\release\fg_structure_mswin.obj
d:\vs2015\dsst\dsst\libs\freeglut\freeglut\release\fg_state_mswin.obj
d:\vs2015\dsst\dsst\libs\freeglut\freeglut\release\fg_spaceball_mswin.obj
d:\vs2015\dsst\dsst\libs\freeglut\freeglut\release\fg_menu_mswin.obj
d:\vs2015\dsst\dsst\libs\freeglut\freeglut\release\fg_main_mswin.obj
d:\vs2015\dsst\dsst\libs\freeglut\freeglut\release\fg_joystick_mswin.obj
d:\vs2015\dsst\dsst\libs\freeglut\freeglut\release\fg_input_devices_mswin.obj
d:\vs2015\dsst\dsst\libs\freeglut\freeglut\release\fg_init_mswin.obj
d:\vs2015\dsst\dsst\libs\freeglut\freeglut\release\fg_gamemode_mswin.obj
d:\vs2015\dsst\dsst\libs\freeglut\freeglut\release\fg_ext_mswin.obj
d:\vs2015\dsst\dsst\libs\freeglut\freeglut\release\fg_display_mswin.obj
d:\vs2015\dsst\dsst\libs\freeglut\freeglut\release\fg_cursor_mswin.obj
d:\vs2015\dsst\dsst\libs\freeglut\freeglut\release\fg_window.obj
d:\vs2015\dsst\dsst\libs\freeglut\freeglut\release\fg_videoresize.obj
d:\vs2015\dsst\dsst\libs\freeglut\freeglut\release\fg_teapot.obj
d:\vs2015\dsst\dsst\libs\freeglut\freeglut\release\fg_structure.obj
d:\vs2015\dsst\dsst\libs\freeglut\freeglut_static.lib
d:\vs2015\dsst\dsst\libs\freeglut\freeglut\release\freeglut_static.pdb
d:\vs2015\dsst\\dsst\libs\freeglut\freeglut_static.lib
d:\vs2015\dsst\dsst\libs\freeglut\freeglut\release\freeglut.tlog\cl.command.1.tlog
d:\vs2015\dsst\dsst\libs\freeglut\freeglut\release\freeglut.tlog\cl.read.1.tlog
d:\vs2015\dsst\dsst\libs\freeglut\freeglut\release\freeglut.tlog\cl.write.1.tlog
d:\vs2015\dsst\dsst\libs\freeglut\freeglut\release\freeglut.tlog\lib-link.read.1.tlog
d:\vs2015\dsst\dsst\libs\freeglut\freeglut\release\freeglut.tlog\lib-link.write.1.tlog
d:\vs2015\dsst\dsst\libs\freeglut\freeglut\release\freeglut.tlog\lib.command.1.tlog
