Build started 7/30/2015 1:21:03 PM.
     1>Project "D:\VS2015\DSST\DSST\Libs\freeglut\freeglut\freeglut.vcxproj" on node 2 (Build target(s)).
     1>ClCompile:
         C:\Program Files (x86)\Microsoft Visual Studio 14.0\VC\bin\CL.exe /c /Zi /nologo /W3 /WX- /sdl /O2 /Oi /Oy- /GL /D _CRT_SECURE_NO_DEPRECATE /D _MBCS /Gm- /EHsc /MT /GS /Gy /fp:precise /Zc:wchar_t /Zc:forScope /Zc:inline /Fo"Release\Libs\freeglut\\" /Fd"Release\Libs\freeglut\freeglut.pdb" /Gd /TC /analyze- /errorReport:prompt ..\src\fg_callbacks.c ..\src\fg_cursor.c ..\src\fg_display.c ..\src\fg_ext.c ..\src\fg_font.c ..\src\fg_font_data.c ..\src\fg_gamemode.c ..\src\fg_geometry.c ..\src\fg_gl2.c ..\src\fg_init.c ..\src\fg_input_devices.c ..\src\fg_joystick.c ..\src\fg_main.c ..\src\fg_menu.c ..\src\fg_misc.c ..\src\fg_overlay.c ..\src\fg_spaceball.c ..\src\fg_state.c ..\src\fg_stroke_mono_roman.c ..\src\fg_stroke_roman.c ..\src\fg_structure.c ..\src\fg_teapot.c ..\src\fg_videoresize.c ..\src\fg_window.c ..\src\mswin\fg_cursor_mswin.c ..\src\mswin\fg_display_mswin.c ..\src\mswin\fg_ext_mswin.c ..\src\mswin\fg_gamemode_mswin.c ..\src\mswin\fg_init_mswin.c ..\src\mswin\fg_input_devices_mswin.c ..\src\mswin\fg_joystick_mswin.c ..\src\mswin\fg_main_mswin.c ..\src\mswin\fg_menu_mswin.c ..\src\mswin\fg_spaceball_mswin.c ..\src\mswin\fg_state_mswin.c ..\src\mswin\fg_structure_mswin.c ..\src\mswin\fg_window_mswin.c
         fg_callbacks.c
     1>..\src\fg_callbacks.c(252): warning C4018: '<': signed/unsigned mismatch
         fg_cursor.c
         fg_display.c
         fg_ext.c
         fg_font.c
         fg_font_data.c
         fg_gamemode.c
         fg_geometry.c
         fg_gl2.c
         fg_init.c
     1>..\src\fg_init.c(363): warning C4013: 'XParseGeometry' undefined; assuming extern returning int
         fg_input_devices.c
         fg_joystick.c
         fg_main.c
         fg_menu.c
         fg_misc.c
         fg_overlay.c
         fg_spaceball.c
         fg_state.c
         fg_stroke_mono_roman.c
         fg_stroke_roman.c
         Compiling...
         fg_structure.c
         fg_teapot.c
         fg_videoresize.c
         fg_window.c
         fg_cursor_mswin.c
         fg_display_mswin.c
         fg_ext_mswin.c
         fg_gamemode_mswin.c
         fg_init_mswin.c
         fg_input_devices_mswin.c
         fg_joystick_mswin.c
         fg_main_mswin.c
     1>..\src\mswin\fg_main_mswin.c(480): warning C4293: '<<': shift count negative or too big, undefined behavior
         fg_menu_mswin.c
         fg_spaceball_mswin.c
         fg_state_mswin.c
         fg_structure_mswin.c
         fg_window_mswin.c
         fgSetupPixelFormat(): there is still some work to do here!
       Lib:
         C:\Program Files (x86)\Microsoft Visual Studio 14.0\VC\bin\Lib.exe /OUT:"D:\VS2015\DSST\\DSST\freeglut_static.lib" /NOLOGO /LTCG Release\Libs\freeglut\fg_callbacks.obj
         Release\Libs\freeglut\fg_cursor.obj
         Release\Libs\freeglut\fg_display.obj
         Release\Libs\freeglut\fg_ext.obj
         Release\Libs\freeglut\fg_font.obj
         Release\Libs\freeglut\fg_font_data.obj
         Release\Libs\freeglut\fg_gamemode.obj
         Release\Libs\freeglut\fg_geometry.obj
         Release\Libs\freeglut\fg_gl2.obj
         Release\Libs\freeglut\fg_init.obj
         Release\Libs\freeglut\fg_input_devices.obj
         Release\Libs\freeglut\fg_joystick.obj
         Release\Libs\freeglut\fg_main.obj
         Release\Libs\freeglut\fg_menu.obj
         Release\Libs\freeglut\fg_misc.obj
         Release\Libs\freeglut\fg_overlay.obj
         Release\Libs\freeglut\fg_spaceball.obj
         Release\Libs\freeglut\fg_state.obj
         Release\Libs\freeglut\fg_stroke_mono_roman.obj
         Release\Libs\freeglut\fg_stroke_roman.obj
         Release\Libs\freeglut\fg_structure.obj
         Release\Libs\freeglut\fg_teapot.obj
         Release\Libs\freeglut\fg_videoresize.obj
         Release\Libs\freeglut\fg_window.obj
         Release\Libs\freeglut\fg_cursor_mswin.obj
         Release\Libs\freeglut\fg_display_mswin.obj
         Release\Libs\freeglut\fg_ext_mswin.obj
         Release\Libs\freeglut\fg_gamemode_mswin.obj
         Release\Libs\freeglut\fg_init_mswin.obj
         Release\Libs\freeglut\fg_input_devices_mswin.obj
         Release\Libs\freeglut\fg_joystick_mswin.obj
         Release\Libs\freeglut\fg_main_mswin.obj
         Release\Libs\freeglut\fg_menu_mswin.obj
         Release\Libs\freeglut\fg_spaceball_mswin.obj
         Release\Libs\freeglut\fg_state_mswin.obj
         Release\Libs\freeglut\fg_structure_mswin.obj
         Release\Libs\freeglut\fg_window_mswin.obj
         Release\Libs\freeglut\xparsegeometry_repl.obj
         freeglut.vcxproj -> D:\VS2015\DSST\\DSST\freeglut_static.lib
     1>Done Building Project "D:\VS2015\DSST\DSST\Libs\freeglut\freeglut\freeglut.vcxproj" (Build target(s)).

Build succeeded.

Time Elapsed 00:00:09.47
