d:\vs2015\dsst\dsst\libs\freeglut\freeglut\release\libs\freeglut\freeglut.pdb
d:\vs2015\dsst\dsst\libs\freeglut\freeglut\release\libs\freeglut\fg_stroke_roman.obj
d:\vs2015\dsst\dsst\libs\freeglut\freeglut\release\libs\freeglut\fg_stroke_mono_roman.obj
d:\vs2015\dsst\dsst\libs\freeglut\freeglut\release\libs\freeglut\fg_state.obj
d:\vs2015\dsst\dsst\libs\freeglut\freeglut\release\libs\freeglut\fg_spaceball.obj
d:\vs2015\dsst\dsst\libs\freeglut\freeglut\release\libs\freeglut\fg_overlay.obj
d:\vs2015\dsst\dsst\libs\freeglut\freeglut\release\libs\freeglut\fg_misc.obj
d:\vs2015\dsst\dsst\libs\freeglut\freeglut\release\libs\freeglut\fg_menu.obj
d:\vs2015\dsst\dsst\libs\freeglut\freeglut\release\libs\freeglut\fg_main.obj
d:\vs2015\dsst\dsst\libs\freeglut\freeglut\release\libs\freeglut\fg_joystick.obj
d:\vs2015\dsst\dsst\libs\freeglut\freeglut\release\libs\freeglut\fg_input_devices.obj
d:\vs2015\dsst\dsst\libs\freeglut\freeglut\release\libs\freeglut\fg_init.obj
d:\vs2015\dsst\dsst\libs\freeglut\freeglut\release\libs\freeglut\fg_gl2.obj
d:\vs2015\dsst\dsst\libs\freeglut\freeglut\release\libs\freeglut\fg_geometry.obj
d:\vs2015\dsst\dsst\libs\freeglut\freeglut\release\libs\freeglut\fg_gamemode.obj
d:\vs2015\dsst\dsst\libs\freeglut\freeglut\release\libs\freeglut\fg_font_data.obj
d:\vs2015\dsst\dsst\libs\freeglut\freeglut\release\libs\freeglut\fg_font.obj
d:\vs2015\dsst\dsst\libs\freeglut\freeglut\release\libs\freeglut\fg_ext.obj
d:\vs2015\dsst\dsst\libs\freeglut\freeglut\release\libs\freeglut\fg_display.obj
d:\vs2015\dsst\dsst\libs\freeglut\freeglut\release\libs\freeglut\fg_cursor.obj
d:\vs2015\dsst\dsst\libs\freeglut\freeglut\release\libs\freeglut\fg_callbacks.obj
d:\vs2015\dsst\dsst\libs\freeglut\freeglut\release\libs\freeglut\xparsegeometry_repl.obj
d:\vs2015\dsst\dsst\libs\freeglut\freeglut\release\libs\freeglut\fg_window_mswin.obj
d:\vs2015\dsst\dsst\libs\freeglut\freeglut\release\libs\freeglut\fg_structure_mswin.obj
d:\vs2015\dsst\dsst\libs\freeglut\freeglut\release\libs\freeglut\fg_state_mswin.obj
d:\vs2015\dsst\dsst\libs\freeglut\freeglut\release\libs\freeglut\fg_spaceball_mswin.obj
d:\vs2015\dsst\dsst\libs\freeglut\freeglut\release\libs\freeglut\fg_menu_mswin.obj
d:\vs2015\dsst\dsst\libs\freeglut\freeglut\release\libs\freeglut\fg_main_mswin.obj
d:\vs2015\dsst\dsst\libs\freeglut\freeglut\release\libs\freeglut\fg_joystick_mswin.obj
d:\vs2015\dsst\dsst\libs\freeglut\freeglut\release\libs\freeglut\fg_input_devices_mswin.obj
d:\vs2015\dsst\dsst\libs\freeglut\freeglut\release\libs\freeglut\fg_init_mswin.obj
d:\vs2015\dsst\dsst\libs\freeglut\freeglut\release\libs\freeglut\fg_gamemode_mswin.obj
d:\vs2015\dsst\dsst\libs\freeglut\freeglut\release\libs\freeglut\fg_ext_mswin.obj
d:\vs2015\dsst\dsst\libs\freeglut\freeglut\release\libs\freeglut\fg_display_mswin.obj
d:\vs2015\dsst\dsst\libs\freeglut\freeglut\release\libs\freeglut\fg_cursor_mswin.obj
d:\vs2015\dsst\dsst\libs\freeglut\freeglut\release\libs\freeglut\fg_window.obj
d:\vs2015\dsst\dsst\libs\freeglut\freeglut\release\libs\freeglut\fg_videoresize.obj
d:\vs2015\dsst\dsst\libs\freeglut\freeglut\release\libs\freeglut\fg_teapot.obj
d:\vs2015\dsst\dsst\libs\freeglut\freeglut\release\libs\freeglut\fg_structure.obj
d:\vs2015\dsst\dsst\freeglut_static.lib
d:\vs2015\dsst\\dsst\freeglut_static.lib
d:\vs2015\dsst\dsst\libs\freeglut\freeglut\release\libs\freeglut\freeglut.tlog\cl.command.1.tlog
d:\vs2015\dsst\dsst\libs\freeglut\freeglut\release\libs\freeglut\freeglut.tlog\cl.read.1.tlog
d:\vs2015\dsst\dsst\libs\freeglut\freeglut\release\libs\freeglut\freeglut.tlog\cl.write.1.tlog
d:\vs2015\dsst\dsst\libs\freeglut\freeglut\release\libs\freeglut\freeglut.tlog\lib-link.read.1.tlog
d:\vs2015\dsst\dsst\libs\freeglut\freeglut\release\libs\freeglut\freeglut.tlog\lib-link.write.1.tlog
d:\vs2015\dsst\dsst\libs\freeglut\freeglut\release\libs\freeglut\freeglut.tlog\lib.command.1.tlog
