d:\vs2015\dsst\dsst\release\vc140.pdb
d:\vs2015\dsst\dsst\release\main.obj
d:\vs2015\dsst\dsst\release\log.obj
d:\vs2015\dsst\dsst\release\qpc.obj
d:\vs2015\dsst\dsst\release\zutil.obj
d:\vs2015\dsst\dsst\release\uncompr.obj
d:\vs2015\dsst\dsst\release\trees.obj
d:\vs2015\dsst\dsst\release\inftrees.obj
d:\vs2015\dsst\dsst\release\inflate.obj
d:\vs2015\dsst\dsst\release\inffast.obj
d:\vs2015\dsst\dsst\release\infback.obj
d:\vs2015\dsst\dsst\release\gzio.obj
d:\vs2015\dsst\dsst\release\deflate.obj
d:\vs2015\dsst\dsst\release\crc32.obj
d:\vs2015\dsst\dsst\release\compress.obj
d:\vs2015\dsst\dsst\release\adler32.obj
d:\vs2015\dsst\dsst\release\glmimg.obj
d:\vs2015\dsst\dsst\release\game.obj
d:\vs2015\dsst\dsst\release\freetype.obj
d:\vs2015\dsst\dsst\release\com.obj
d:\vs2015\dsst\dsst\release\audiodictionary.obj
d:\vs2015\dsst\dsst\release\texturedictionary.obj
d:\vs2015\dsst\dsst\release\pngwutil.obj
d:\vs2015\dsst\dsst\release\pngwtran.obj
d:\vs2015\dsst\dsst\release\pngwrite.obj
d:\vs2015\dsst\dsst\release\pngwio.obj
d:\vs2015\dsst\dsst\release\pngvcrd.obj
d:\vs2015\dsst\dsst\release\pngtrans.obj
d:\vs2015\dsst\dsst\release\pngset.obj
d:\vs2015\dsst\dsst\release\pngrutil.obj
d:\vs2015\dsst\dsst\release\pngrtran.obj
d:\vs2015\dsst\dsst\release\pngrio.obj
d:\vs2015\dsst\dsst\release\pngread.obj
d:\vs2015\dsst\dsst\release\pngpread.obj
d:\vs2015\dsst\dsst\release\pngmem.obj
d:\vs2015\dsst\dsst\release\pngget.obj
d:\vs2015\dsst\dsst\release\pnggccrd.obj
d:\vs2015\dsst\dsst\release\pngerror.obj
d:\vs2015\dsst\dsst\release\png.obj
d:\vs2015\dsst\dsst\release\dsst.res
d:\vs2015\dsst\dsst\release\dsst.tlog\cl.command.1.tlog
d:\vs2015\dsst\dsst\release\dsst.tlog\cl.read.1.tlog
d:\vs2015\dsst\dsst\release\dsst.tlog\cl.write.1.tlog
d:\vs2015\dsst\dsst\release\dsst.tlog\link.command.1.tlog
d:\vs2015\dsst\dsst\release\dsst.tlog\link.read.1.tlog
d:\vs2015\dsst\dsst\release\dsst.tlog\link.write.1.tlog
d:\vs2015\dsst\dsst\release\dsst.tlog\rc.command.1.tlog
d:\vs2015\dsst\dsst\release\dsst.tlog\rc.read.1.tlog
d:\vs2015\dsst\dsst\release\dsst.tlog\rc.write.1.tlog
