Build started 8/5/2015 4:44:33 PM.
     1>Project "D:\VS2015\DScript\DSST\DSST.vcxproj" on node 2 (Build target(s)).
     1>C:\Program Files (x86)\MSBuild\Microsoft.Cpp\v4.0\V140\Microsoft.CppBuild.targets(392,5): warning MSB8028: The intermediate directory (Debug\) contains files shared from another project (DSST.vcxproj).  This can lead to incorrect clean and rebuild behavior.
     1>ClCompile:
         C:\Program Files (x86)\Microsoft Visual Studio 14.0\VC\bin\CL.exe /c /ZI /nologo /W3 /WX- /Od /Oy- /D _USING_V110_SDK71_ /D _MBCS /Gm /EHsc /RTC1 /MTd /GS /fp:precise /Zc:wchar_t /Zc:forScope /Zc:inline /Fo"Debug\\" /Fd"Debug\vc140.pdb" /Gd /TP /analyze- /errorReport:prompt main.cpp
         main.cpp
     1>d:\vs2015\dscript\dsst\presentationframe.h(8): warning C4244: '=': conversion from 'double' to 'int', possible loss of data
     1>d:\vs2015\dscript\dsst\presentationframe.h(10): warning C4244: '=': conversion from 'double' to 'int', possible loss of data
     1>d:\vs2015\dscript\dsst\presentationframe.h(10): warning C4996: 'sprintf': This function or variable may be unsafe. Consider using sprintf_s instead. To disable deprecation, use _CRT_SECURE_NO_WARNINGS. See online help for details.
         c:\program files (x86)\windows kits\10\include\10.0.10150.0\ucrt\stdio.h(1769): note: see declaration of 'sprintf'
     1>d:\vs2015\dscript\dsst\presentationframe.h(12): warning C4244: '=': conversion from 'double' to 'int', possible loss of data
     1>d:\vs2015\dscript\dsst\presentationframe.h(12): warning C4996: 'sprintf': This function or variable may be unsafe. Consider using sprintf_s instead. To disable deprecation, use _CRT_SECURE_NO_WARNINGS. See online help for details.
         c:\program files (x86)\windows kits\10\include\10.0.10150.0\ucrt\stdio.h(1769): note: see declaration of 'sprintf'
     1>d:\vs2015\dscript\dsst\main.cpp(71): warning C4018: '<': signed/unsigned mismatch
     1>d:\vs2015\dscript\dsst\main.cpp(103): warning C4018: '<': signed/unsigned mismatch
     1>d:\vs2015\dscript\dsst\main.cpp(129): warning C4018: '<': signed/unsigned mismatch
     1>d:\vs2015\dscript\dsst\main.cpp(150): warning C4018: '<': signed/unsigned mismatch
     1>d:\vs2015\dscript\dsst\main.cpp(91): warning C4996: 'sprintf': This function or variable may be unsafe. Consider using sprintf_s instead. To disable deprecation, use _CRT_SECURE_NO_WARNINGS. See online help for details.
         c:\program files (x86)\windows kits\10\include\10.0.10150.0\ucrt\stdio.h(1769): note: see declaration of 'sprintf'
     1>d:\vs2015\dscript\dsst\main.cpp(95): warning C4996: 'strcpy': This function or variable may be unsafe. Consider using strcpy_s instead. To disable deprecation, use _CRT_SECURE_NO_WARNINGS. See online help for details.
         c:\program files (x86)\windows kits\10\include\10.0.10150.0\ucrt\string.h(119): note: see declaration of 'strcpy'
     1>d:\vs2015\dscript\dsst\main.cpp(120): warning C4996: 'strcat': This function or variable may be unsafe. Consider using strcat_s instead. To disable deprecation, use _CRT_SECURE_NO_WARNINGS. See online help for details.
         c:\program files (x86)\windows kits\10\include\10.0.10150.0\ucrt\string.h(90): note: see declaration of 'strcat'
     1>d:\vs2015\dscript\dsst\main.cpp(127): warning C4996: 'strcat': This function or variable may be unsafe. Consider using strcat_s instead. To disable deprecation, use _CRT_SECURE_NO_WARNINGS. See online help for details.
         c:\program files (x86)\windows kits\10\include\10.0.10150.0\ucrt\string.h(90): note: see declaration of 'strcat'
     1>d:\vs2015\dscript\dsst\main.cpp(139): warning C4996: 'strcat': This function or variable may be unsafe. Consider using strcat_s instead. To disable deprecation, use _CRT_SECURE_NO_WARNINGS. See online help for details.
         c:\program files (x86)\windows kits\10\include\10.0.10150.0\ucrt\string.h(90): note: see declaration of 'strcat'
     1>d:\vs2015\dscript\dsst\main.cpp(147): warning C4996: 'sprintf': This function or variable may be unsafe. Consider using sprintf_s instead. To disable deprecation, use _CRT_SECURE_NO_WARNINGS. See online help for details.
         c:\program files (x86)\windows kits\10\include\10.0.10150.0\ucrt\stdio.h(1769): note: see declaration of 'sprintf'
     1>d:\vs2015\dscript\dsst\main.cpp(149): warning C4996: 'strcat': This function or variable may be unsafe. Consider using strcat_s instead. To disable deprecation, use _CRT_SECURE_NO_WARNINGS. See online help for details.
         c:\program files (x86)\windows kits\10\include\10.0.10150.0\ucrt\string.h(90): note: see declaration of 'strcat'
     1>d:\vs2015\dscript\dsst\main.cpp(159): warning C4996: 'strcat': This function or variable may be unsafe. Consider using strcat_s instead. To disable deprecation, use _CRT_SECURE_NO_WARNINGS. See online help for details.
         c:\program files (x86)\windows kits\10\include\10.0.10150.0\ucrt\string.h(90): note: see declaration of 'strcat'
     1>d:\vs2015\dscript\dsst\main.cpp(222): warning C4996: 'sprintf': This function or variable may be unsafe. Consider using sprintf_s instead. To disable deprecation, use _CRT_SECURE_NO_WARNINGS. See online help for details.
         c:\program files (x86)\windows kits\10\include\10.0.10150.0\ucrt\stdio.h(1769): note: see declaration of 'sprintf'
     1>d:\vs2015\dscript\dsst\main.cpp(224): warning C4996: 'sprintf': This function or variable may be unsafe. Consider using sprintf_s instead. To disable deprecation, use _CRT_SECURE_NO_WARNINGS. See online help for details.
         c:\program files (x86)\windows kits\10\include\10.0.10150.0\ucrt\stdio.h(1769): note: see declaration of 'sprintf'
     1>d:\vs2015\dscript\dsst\main.cpp(284): warning C4996: 'localtime': This function or variable may be unsafe. Consider using localtime_s instead. To disable deprecation, use _CRT_SECURE_NO_WARNINGS. See online help for details.
         c:\program files (x86)\windows kits\10\include\10.0.10150.0\ucrt\time.h(505): note: see declaration of 'localtime'
     1>d:\vs2015\dscript\dsst\main.cpp(285): warning C4996: 'sprintf': This function or variable may be unsafe. Consider using sprintf_s instead. To disable deprecation, use _CRT_SECURE_NO_WARNINGS. See online help for details.
         c:\program files (x86)\windows kits\10\include\10.0.10150.0\ucrt\stdio.h(1769): note: see declaration of 'sprintf'
     1>d:\vs2015\dscript\dsst\main.cpp(287): warning C4996: 'sprintf': This function or variable may be unsafe. Consider using sprintf_s instead. To disable deprecation, use _CRT_SECURE_NO_WARNINGS. See online help for details.
         c:\program files (x86)\windows kits\10\include\10.0.10150.0\ucrt\stdio.h(1769): note: see declaration of 'sprintf'
     1>d:\vs2015\dscript\dsst\main.cpp(379): warning C4244: 'argument': conversion from 'time_t' to 'unsigned int', possible loss of data
     1>d:\vs2015\dscript\dsst\main.cpp(438): warning C4244: '=': conversion from 'double' to 'int', possible loss of data
     1>d:\vs2015\dscript\dsst\main.cpp(439): warning C4244: '=': conversion from 'double' to 'int', possible loss of data
     1>d:\vs2015\dscript\dsst\main.cpp(444): warning C4800: 'double': forcing value to bool 'true' or 'false' (performance warning)
     1>d:\vs2015\dscript\dsst\main.cpp(447): warning C4244: '=': conversion from 'double' to 'int', possible loss of data
     1>d:\vs2015\dscript\dsst\main.cpp(450): warning C4244: '=': conversion from 'double' to 'int', possible loss of data
     1>d:\vs2015\dscript\dsst\main.cpp(453): warning C4800: 'double': forcing value to bool 'true' or 'false' (performance warning)
     1>d:\vs2015\dscript\dsst\main.cpp(456): warning C4800: 'double': forcing value to bool 'true' or 'false' (performance warning)
     1>d:\vs2015\dscript\dsst\main.cpp(459): warning C4800: 'double': forcing value to bool 'true' or 'false' (performance warning)
     1>d:\vs2015\dscript\dsst\main.cpp(462): warning C4800: 'double': forcing value to bool 'true' or 'false' (performance warning)
     1>d:\vs2015\dscript\dsst\main.cpp(468): warning C4244: '=': conversion from 'double' to 'float', possible loss of data
     1>d:\vs2015\dscript\dsst\main.cpp(469): warning C4244: '=': conversion from 'double' to 'float', possible loss of data
     1>d:\vs2015\dscript\dsst\main.cpp(470): warning C4244: '=': conversion from 'double' to 'float', possible loss of data
     1>d:\vs2015\dscript\dsst\main.cpp(477): warning C4244: '=': conversion from 'double' to 'float', possible loss of data
     1>d:\vs2015\dscript\dsst\main.cpp(478): warning C4244: '=': conversion from 'double' to 'float', possible loss of data
     1>d:\vs2015\dscript\dsst\main.cpp(479): warning C4244: '=': conversion from 'double' to 'float', possible loss of data
     1>d:\vs2015\dscript\dsst\main.cpp(486): warning C4244: '=': conversion from 'double' to 'float', possible loss of data
     1>d:\vs2015\dscript\dsst\main.cpp(487): warning C4244: '=': conversion from 'double' to 'float', possible loss of data
     1>d:\vs2015\dscript\dsst\main.cpp(488): warning C4244: '=': conversion from 'double' to 'float', possible loss of data
     1>d:\vs2015\dscript\dsst\main.cpp(492): warning C4244: '=': conversion from 'double' to 'int', possible loss of data
     1>d:\vs2015\dscript\dsst\main.cpp(599): warning C4018: '<': signed/unsigned mismatch
     1>d:\vs2015\dscript\dsst\main.cpp(680): warning C4018: '<': signed/unsigned mismatch
     1>d:\vs2015\dscript\dsst\main.cpp(717): warning C4018: '<': signed/unsigned mismatch
     1>d:\vs2015\dscript\dsst\main.cpp(719): warning C4018: '<': signed/unsigned mismatch
     1>d:\vs2015\dscript\dsst\main.cpp(376): warning C4996: 'strcpy': This function or variable may be unsafe. Consider using strcpy_s instead. To disable deprecation, use _CRT_SECURE_NO_WARNINGS. See online help for details.
         c:\program files (x86)\windows kits\10\include\10.0.10150.0\ucrt\string.h(119): note: see declaration of 'strcpy'
     1>d:\vs2015\dscript\dsst\main.cpp(380): warning C4996: 'fopen': This function or variable may be unsafe. Consider using fopen_s instead. To disable deprecation, use _CRT_SECURE_NO_WARNINGS. See online help for details.
         c:\program files (x86)\windows kits\10\include\10.0.10150.0\ucrt\stdio.h(205): note: see declaration of 'fopen'
     1>d:\vs2015\dscript\dsst\main.cpp(384): warning C4996: 'sprintf': This function or variable may be unsafe. Consider using sprintf_s instead. To disable deprecation, use _CRT_SECURE_NO_WARNINGS. See online help for details.
         c:\program files (x86)\windows kits\10\include\10.0.10150.0\ucrt\stdio.h(1769): note: see declaration of 'sprintf'
     1>d:\vs2015\dscript\dsst\main.cpp(495): warning C4996: 'sscanf': This function or variable may be unsafe. Consider using sscanf_s instead. To disable deprecation, use _CRT_SECURE_NO_WARNINGS. See online help for details.
         c:\program files (x86)\windows kits\10\include\10.0.10150.0\ucrt\stdio.h(2254): note: see declaration of 'sscanf'
     1>d:\vs2015\dscript\dsst\main.cpp(509): warning C4996: 'strcpy': This function or variable may be unsafe. Consider using strcpy_s instead. To disable deprecation, use _CRT_SECURE_NO_WARNINGS. See online help for details.
         c:\program files (x86)\windows kits\10\include\10.0.10150.0\ucrt\string.h(119): note: see declaration of 'strcpy'
     1>d:\vs2015\dscript\dsst\main.cpp(536): warning C4996: 'sprintf': This function or variable may be unsafe. Consider using sprintf_s instead. To disable deprecation, use _CRT_SECURE_NO_WARNINGS. See online help for details.
         c:\program files (x86)\windows kits\10\include\10.0.10150.0\ucrt\stdio.h(1769): note: see declaration of 'sprintf'
     1>d:\vs2015\dscript\dsst\main.cpp(546): warning C4996: 'strcpy': This function or variable may be unsafe. Consider using strcpy_s instead. To disable deprecation, use _CRT_SECURE_NO_WARNINGS. See online help for details.
         c:\program files (x86)\windows kits\10\include\10.0.10150.0\ucrt\string.h(119): note: see declaration of 'strcpy'
     1>d:\vs2015\dscript\dsst\main.cpp(548): warning C4996: 'strcpy': This function or variable may be unsafe. Consider using strcpy_s instead. To disable deprecation, use _CRT_SECURE_NO_WARNINGS. See online help for details.
         c:\program files (x86)\windows kits\10\include\10.0.10150.0\ucrt\string.h(119): note: see declaration of 'strcpy'
     1>d:\vs2015\dscript\dsst\main.cpp(551): warning C4996: 'strcpy': This function or variable may be unsafe. Consider using strcpy_s instead. To disable deprecation, use _CRT_SECURE_NO_WARNINGS. See online help for details.
         c:\program files (x86)\windows kits\10\include\10.0.10150.0\ucrt\string.h(119): note: see declaration of 'strcpy'
     1>d:\vs2015\dscript\dsst\main.cpp(552): warning C4996: 'strcat': This function or variable may be unsafe. Consider using strcat_s instead. To disable deprecation, use _CRT_SECURE_NO_WARNINGS. See online help for details.
         c:\program files (x86)\windows kits\10\include\10.0.10150.0\ucrt\string.h(90): note: see declaration of 'strcat'
     1>d:\vs2015\dscript\dsst\main.cpp(554): warning C4996: 'strcpy': This function or variable may be unsafe. Consider using strcpy_s instead. To disable deprecation, use _CRT_SECURE_NO_WARNINGS. See online help for details.
         c:\program files (x86)\windows kits\10\include\10.0.10150.0\ucrt\string.h(119): note: see declaration of 'strcpy'
     1>d:\vs2015\dscript\dsst\main.cpp(555): warning C4996: 'strcat': This function or variable may be unsafe. Consider using strcat_s instead. To disable deprecation, use _CRT_SECURE_NO_WARNINGS. See online help for details.
         c:\program files (x86)\windows kits\10\include\10.0.10150.0\ucrt\string.h(90): note: see declaration of 'strcat'
     1>d:\vs2015\dscript\dsst\main.cpp(558): warning C4996: 'strcpy': This function or variable may be unsafe. Consider using strcpy_s instead. To disable deprecation, use _CRT_SECURE_NO_WARNINGS. See online help for details.
         c:\program files (x86)\windows kits\10\include\10.0.10150.0\ucrt\string.h(119): note: see declaration of 'strcpy'
     1>d:\vs2015\dscript\dsst\main.cpp(560): warning C4996: 'strcpy': This function or variable may be unsafe. Consider using strcpy_s instead. To disable deprecation, use _CRT_SECURE_NO_WARNINGS. See online help for details.
         c:\program files (x86)\windows kits\10\include\10.0.10150.0\ucrt\string.h(119): note: see declaration of 'strcpy'
     1>d:\vs2015\dscript\dsst\main.cpp(563): warning C4996: 'sprintf': This function or variable may be unsafe. Consider using sprintf_s instead. To disable deprecation, use _CRT_SECURE_NO_WARNINGS. See online help for details.
         c:\program files (x86)\windows kits\10\include\10.0.10150.0\ucrt\stdio.h(1769): note: see declaration of 'sprintf'
     1>d:\vs2015\dscript\dsst\main.cpp(574): warning C4996: 'sprintf': This function or variable may be unsafe. Consider using sprintf_s instead. To disable deprecation, use _CRT_SECURE_NO_WARNINGS. See online help for details.
         c:\program files (x86)\windows kits\10\include\10.0.10150.0\ucrt\stdio.h(1769): note: see declaration of 'sprintf'
     1>d:\vs2015\dscript\dsst\main.cpp(604): warning C4996: 'strcat': This function or variable may be unsafe. Consider using strcat_s instead. To disable deprecation, use _CRT_SECURE_NO_WARNINGS. See online help for details.
         c:\program files (x86)\windows kits\10\include\10.0.10150.0\ucrt\string.h(90): note: see declaration of 'strcat'
     1>d:\vs2015\dscript\dsst\main.cpp(628): warning C4996: 'sscanf': This function or variable may be unsafe. Consider using sscanf_s instead. To disable deprecation, use _CRT_SECURE_NO_WARNINGS. See online help for details.
         c:\program files (x86)\windows kits\10\include\10.0.10150.0\ucrt\stdio.h(2254): note: see declaration of 'sscanf'
     1>d:\vs2015\dscript\dsst\main.cpp(644): warning C4996: 'sscanf': This function or variable may be unsafe. Consider using sscanf_s instead. To disable deprecation, use _CRT_SECURE_NO_WARNINGS. See online help for details.
         c:\program files (x86)\windows kits\10\include\10.0.10150.0\ucrt\stdio.h(2254): note: see declaration of 'sscanf'
     1>d:\vs2015\dscript\dsst\main.cpp(652): warning C4996: 'strtok': This function or variable may be unsafe. Consider using strtok_s instead. To disable deprecation, use _CRT_SECURE_NO_WARNINGS. See online help for details.
         c:\program files (x86)\windows kits\10\include\10.0.10150.0\ucrt\string.h(453): note: see declaration of 'strtok'
     1>d:\vs2015\dscript\dsst\main.cpp(653): warning C4996: 'strtok': This function or variable may be unsafe. Consider using strtok_s instead. To disable deprecation, use _CRT_SECURE_NO_WARNINGS. See online help for details.
         c:\program files (x86)\windows kits\10\include\10.0.10150.0\ucrt\string.h(453): note: see declaration of 'strtok'
     1>d:\vs2015\dscript\dsst\main.cpp(657): warning C4996: 'strtok': This function or variable may be unsafe. Consider using strtok_s instead. To disable deprecation, use _CRT_SECURE_NO_WARNINGS. See online help for details.
         c:\program files (x86)\windows kits\10\include\10.0.10150.0\ucrt\string.h(453): note: see declaration of 'strtok'
     1>d:\vs2015\dscript\dsst\main.cpp(658): warning C4996: 'sscanf': This function or variable may be unsafe. Consider using sscanf_s instead. To disable deprecation, use _CRT_SECURE_NO_WARNINGS. See online help for details.
         c:\program files (x86)\windows kits\10\include\10.0.10150.0\ucrt\stdio.h(2254): note: see declaration of 'sscanf'
     1>d:\vs2015\dscript\dsst\main.cpp(663): warning C4996: 'strtok': This function or variable may be unsafe. Consider using strtok_s instead. To disable deprecation, use _CRT_SECURE_NO_WARNINGS. See online help for details.
         c:\program files (x86)\windows kits\10\include\10.0.10150.0\ucrt\string.h(453): note: see declaration of 'strtok'
     1>d:\vs2015\dscript\dsst\main.cpp(671): warning C4996: 'strtok': This function or variable may be unsafe. Consider using strtok_s instead. To disable deprecation, use _CRT_SECURE_NO_WARNINGS. See online help for details.
         c:\program files (x86)\windows kits\10\include\10.0.10150.0\ucrt\string.h(453): note: see declaration of 'strtok'
     1>d:\vs2015\dscript\dsst\main.cpp(699): warning C4996: 'strtok': This function or variable may be unsafe. Consider using strtok_s instead. To disable deprecation, use _CRT_SECURE_NO_WARNINGS. See online help for details.
         c:\program files (x86)\windows kits\10\include\10.0.10150.0\ucrt\string.h(453): note: see declaration of 'strtok'
     1>d:\vs2015\dscript\dsst\main.cpp(762): warning C4244: 'argument': conversion from 'time_t' to 'unsigned int', possible loss of data
     1>d:\vs2015\dscript\dsst\main.cpp(837): warning C4307: '*': integral constant overflow
     1>d:\vs2015\dscript\dsst\main.cpp(842): warning C4307: '*': integral constant overflow
     1>d:\vs2015\dscript\dsst\main.cpp(847): warning C4307: '*': integral constant overflow
     1>d:\vs2015\dscript\dsst\main.cpp(852): warning C4307: '*': integral constant overflow
     1>d:\vs2015\dscript\dsst\main.cpp(857): warning C4307: '*': integral constant overflow
     1>d:\vs2015\dscript\dsst\main.cpp(862): warning C4307: '*': integral constant overflow
     1>d:\vs2015\dscript\dsst\main.cpp(867): warning C4307: '*': integral constant overflow
     1>d:\vs2015\dscript\dsst\main.cpp(872): warning C4307: '*': integral constant overflow
     1>d:\vs2015\dscript\dsst\main.cpp(876): warning C4307: '*': integral constant overflow
     1>d:\vs2015\dscript\dsst\main.cpp(879): warning C4244: '=': conversion from 'int' to 'float', possible loss of data
     1>d:\vs2015\dscript\dsst\main.cpp(882): warning C4244: '=': conversion from 'int' to 'float', possible loss of data
     1>d:\vs2015\dscript\dsst\main.cpp(885): warning C4244: '=': conversion from 'int' to 'float', possible loss of data
     1>d:\vs2015\dscript\dsst\main.cpp(887): warning C4307: '*': integral constant overflow
     1>d:\vs2015\dscript\dsst\main.cpp(890): warning C4244: '=': conversion from 'int' to 'float', possible loss of data
     1>d:\vs2015\dscript\dsst\main.cpp(893): warning C4244: '=': conversion from 'int' to 'float', possible loss of data
     1>d:\vs2015\dscript\dsst\main.cpp(896): warning C4244: '=': conversion from 'int' to 'float', possible loss of data
     1>d:\vs2015\dscript\dsst\main.cpp(898): warning C4307: '*': integral constant overflow
     1>d:\vs2015\dscript\dsst\main.cpp(901): warning C4244: '=': conversion from 'int' to 'float', possible loss of data
     1>d:\vs2015\dscript\dsst\main.cpp(904): warning C4244: '=': conversion from 'int' to 'float', possible loss of data
     1>d:\vs2015\dscript\dsst\main.cpp(907): warning C4244: '=': conversion from 'int' to 'float', possible loss of data
     1>d:\vs2015\dscript\dsst\main.cpp(909): warning C4307: '*': integral constant overflow
     1>d:\vs2015\dscript\dsst\main.cpp(759): warning C4996: 'strcpy': This function or variable may be unsafe. Consider using strcpy_s instead. To disable deprecation, use _CRT_SECURE_NO_WARNINGS. See online help for details.
         c:\program files (x86)\windows kits\10\include\10.0.10150.0\ucrt\string.h(119): note: see declaration of 'strcpy'
     1>d:\vs2015\dscript\dsst\main.cpp(763): warning C4996: 'fopen': This function or variable may be unsafe. Consider using fopen_s instead. To disable deprecation, use _CRT_SECURE_NO_WARNINGS. See online help for details.
         c:\program files (x86)\windows kits\10\include\10.0.10150.0\ucrt\stdio.h(205): note: see declaration of 'fopen'
     1>d:\vs2015\dscript\dsst\main.cpp(767): warning C4996: 'sprintf': This function or variable may be unsafe. Consider using sprintf_s instead. To disable deprecation, use _CRT_SECURE_NO_WARNINGS. See online help for details.
         c:\program files (x86)\windows kits\10\include\10.0.10150.0\ucrt\stdio.h(1769): note: see declaration of 'sprintf'
     1>d:\vs2015\dscript\dsst\main.cpp(912): warning C4996: 'sprintf': This function or variable may be unsafe. Consider using sprintf_s instead. To disable deprecation, use _CRT_SECURE_NO_WARNINGS. See online help for details.
         c:\program files (x86)\windows kits\10\include\10.0.10150.0\ucrt\stdio.h(1769): note: see declaration of 'sprintf'
     1>d:\vs2015\dscript\dsst\main.cpp(948): warning C4996: 'strcpy': This function or variable may be unsafe. Consider using strcpy_s instead. To disable deprecation, use _CRT_SECURE_NO_WARNINGS. See online help for details.
         c:\program files (x86)\windows kits\10\include\10.0.10150.0\ucrt\string.h(119): note: see declaration of 'strcpy'
     1>d:\vs2015\dscript\dsst\main.cpp(957): warning C4996: 'strcpy': This function or variable may be unsafe. Consider using strcpy_s instead. To disable deprecation, use _CRT_SECURE_NO_WARNINGS. See online help for details.
         c:\program files (x86)\windows kits\10\include\10.0.10150.0\ucrt\string.h(119): note: see declaration of 'strcpy'
     1>d:\vs2015\dscript\dsst\main.cpp(959): warning C4996: 'strcpy': This function or variable may be unsafe. Consider using strcpy_s instead. To disable deprecation, use _CRT_SECURE_NO_WARNINGS. See online help for details.
         c:\program files (x86)\windows kits\10\include\10.0.10150.0\ucrt\string.h(119): note: see declaration of 'strcpy'
     1>d:\vs2015\dscript\dsst\main.cpp(962): warning C4996: 'strcpy': This function or variable may be unsafe. Consider using strcpy_s instead. To disable deprecation, use _CRT_SECURE_NO_WARNINGS. See online help for details.
         c:\program files (x86)\windows kits\10\include\10.0.10150.0\ucrt\string.h(119): note: see declaration of 'strcpy'
     1>d:\vs2015\dscript\dsst\main.cpp(963): warning C4996: 'strcat': This function or variable may be unsafe. Consider using strcat_s instead. To disable deprecation, use _CRT_SECURE_NO_WARNINGS. See online help for details.
         c:\program files (x86)\windows kits\10\include\10.0.10150.0\ucrt\string.h(90): note: see declaration of 'strcat'
     1>d:\vs2015\dscript\dsst\main.cpp(965): warning C4996: 'strcpy': This function or variable may be unsafe. Consider using strcpy_s instead. To disable deprecation, use _CRT_SECURE_NO_WARNINGS. See online help for details.
         c:\program files (x86)\windows kits\10\include\10.0.10150.0\ucrt\string.h(119): note: see declaration of 'strcpy'
     1>d:\vs2015\dscript\dsst\main.cpp(966): warning C4996: 'strcat': This function or variable may be unsafe. Consider using strcat_s instead. To disable deprecation, use _CRT_SECURE_NO_WARNINGS. See online help for details.
         c:\program files (x86)\windows kits\10\include\10.0.10150.0\ucrt\string.h(90): note: see declaration of 'strcat'
     1>d:\vs2015\dscript\dsst\main.cpp(969): warning C4996: 'strcpy': This function or variable may be unsafe. Consider using strcpy_s instead. To disable deprecation, use _CRT_SECURE_NO_WARNINGS. See online help for details.
         c:\program files (x86)\windows kits\10\include\10.0.10150.0\ucrt\string.h(119): note: see declaration of 'strcpy'
     1>d:\vs2015\dscript\dsst\main.cpp(971): warning C4996: 'strcpy': This function or variable may be unsafe. Consider using strcpy_s instead. To disable deprecation, use _CRT_SECURE_NO_WARNINGS. See online help for details.
         c:\program files (x86)\windows kits\10\include\10.0.10150.0\ucrt\string.h(119): note: see declaration of 'strcpy'
     1>d:\vs2015\dscript\dsst\main.cpp(974): warning C4996: 'sprintf': This function or variable may be unsafe. Consider using sprintf_s instead. To disable deprecation, use _CRT_SECURE_NO_WARNINGS. See online help for details.
         c:\program files (x86)\windows kits\10\include\10.0.10150.0\ucrt\stdio.h(1769): note: see declaration of 'sprintf'
     1>d:\vs2015\dscript\dsst\main.cpp(985): warning C4996: 'sprintf': This function or variable may be unsafe. Consider using sprintf_s instead. To disable deprecation, use _CRT_SECURE_NO_WARNINGS. See online help for details.
         c:\program files (x86)\windows kits\10\include\10.0.10150.0\ucrt\stdio.h(1769): note: see declaration of 'sprintf'
     1>d:\vs2015\dscript\dsst\main.cpp(1013): warning C4996: 'strcpy': This function or variable may be unsafe. Consider using strcpy_s instead. To disable deprecation, use _CRT_SECURE_NO_WARNINGS. See online help for details.
         c:\program files (x86)\windows kits\10\include\10.0.10150.0\ucrt\string.h(119): note: see declaration of 'strcpy'
     1>d:\vs2015\dscript\dsst\main.cpp(1022): warning C4996: 'strcpy': This function or variable may be unsafe. Consider using strcpy_s instead. To disable deprecation, use _CRT_SECURE_NO_WARNINGS. See online help for details.
         c:\program files (x86)\windows kits\10\include\10.0.10150.0\ucrt\string.h(119): note: see declaration of 'strcpy'
     1>d:\vs2015\dscript\dsst\main.cpp(1024): warning C4996: 'strcpy': This function or variable may be unsafe. Consider using strcpy_s instead. To disable deprecation, use _CRT_SECURE_NO_WARNINGS. See online help for details.
         c:\program files (x86)\windows kits\10\include\10.0.10150.0\ucrt\string.h(119): note: see declaration of 'strcpy'
     1>d:\vs2015\dscript\dsst\main.cpp(1027): warning C4996: 'strcpy': This function or variable may be unsafe. Consider using strcpy_s instead. To disable deprecation, use _CRT_SECURE_NO_WARNINGS. See online help for details.
         c:\program files (x86)\windows kits\10\include\10.0.10150.0\ucrt\string.h(119): note: see declaration of 'strcpy'
     1>d:\vs2015\dscript\dsst\main.cpp(1028): warning C4996: 'strcat': This function or variable may be unsafe. Consider using strcat_s instead. To disable deprecation, use _CRT_SECURE_NO_WARNINGS. See online help for details.
         c:\program files (x86)\windows kits\10\include\10.0.10150.0\ucrt\string.h(90): note: see declaration of 'strcat'
     1>d:\vs2015\dscript\dsst\main.cpp(1030): warning C4996: 'strcpy': This function or variable may be unsafe. Consider using strcpy_s instead. To disable deprecation, use _CRT_SECURE_NO_WARNINGS. See online help for details.
         c:\program files (x86)\windows kits\10\include\10.0.10150.0\ucrt\string.h(119): note: see declaration of 'strcpy'
     1>d:\vs2015\dscript\dsst\main.cpp(1031): warning C4996: 'strcat': This function or variable may be unsafe. Consider using strcat_s instead. To disable deprecation, use _CRT_SECURE_NO_WARNINGS. See online help for details.
         c:\program files (x86)\windows kits\10\include\10.0.10150.0\ucrt\string.h(90): note: see declaration of 'strcat'
     1>d:\vs2015\dscript\dsst\main.cpp(1034): warning C4996: 'strcpy': This function or variable may be unsafe. Consider using strcpy_s instead. To disable deprecation, use _CRT_SECURE_NO_WARNINGS. See online help for details.
         c:\program files (x86)\windows kits\10\include\10.0.10150.0\ucrt\string.h(119): note: see declaration of 'strcpy'
     1>d:\vs2015\dscript\dsst\main.cpp(1036): warning C4996: 'strcpy': This function or variable may be unsafe. Consider using strcpy_s instead. To disable deprecation, use _CRT_SECURE_NO_WARNINGS. See online help for details.
         c:\program files (x86)\windows kits\10\include\10.0.10150.0\ucrt\string.h(119): note: see declaration of 'strcpy'
     1>d:\vs2015\dscript\dsst\main.cpp(1039): warning C4996: 'sprintf': This function or variable may be unsafe. Consider using sprintf_s instead. To disable deprecation, use _CRT_SECURE_NO_WARNINGS. See online help for details.
         c:\program files (x86)\windows kits\10\include\10.0.10150.0\ucrt\stdio.h(1769): note: see declaration of 'sprintf'
     1>d:\vs2015\dscript\dsst\main.cpp(1050): warning C4996: 'sprintf': This function or variable may be unsafe. Consider using sprintf_s instead. To disable deprecation, use _CRT_SECURE_NO_WARNINGS. See online help for details.
         c:\program files (x86)\windows kits\10\include\10.0.10150.0\ucrt\stdio.h(1769): note: see declaration of 'sprintf'
     1>d:\vs2015\dscript\dsst\main.cpp(1107): warning C4996: 'sprintf': This function or variable may be unsafe. Consider using sprintf_s instead. To disable deprecation, use _CRT_SECURE_NO_WARNINGS. See online help for details.
         c:\program files (x86)\windows kits\10\include\10.0.10150.0\ucrt\stdio.h(1769): note: see declaration of 'sprintf'
     1>d:\vs2015\dscript\dsst\main.cpp(1108): warning C4996: 'strcat': This function or variable may be unsafe. Consider using strcat_s instead. To disable deprecation, use _CRT_SECURE_NO_WARNINGS. See online help for details.
         c:\program files (x86)\windows kits\10\include\10.0.10150.0\ucrt\string.h(90): note: see declaration of 'strcat'
     1>d:\vs2015\dscript\dsst\main.cpp(1158): warning C4996: 'strcpy': This function or variable may be unsafe. Consider using strcpy_s instead. To disable deprecation, use _CRT_SECURE_NO_WARNINGS. See online help for details.
         c:\program files (x86)\windows kits\10\include\10.0.10150.0\ucrt\string.h(119): note: see declaration of 'strcpy'
     1>d:\vs2015\dscript\dsst\main.cpp(1173): warning C4018: '<': signed/unsigned mismatch
     1>d:\vs2015\dscript\dsst\main.cpp(1199): warning C4018: '<': signed/unsigned mismatch
     1>d:\vs2015\dscript\dsst\main.cpp(1170): warning C4996: 'strcpy': This function or variable may be unsafe. Consider using strcpy_s instead. To disable deprecation, use _CRT_SECURE_NO_WARNINGS. See online help for details.
         c:\program files (x86)\windows kits\10\include\10.0.10150.0\ucrt\string.h(119): note: see declaration of 'strcpy'
     1>d:\vs2015\dscript\dsst\main.cpp(1182): warning C4996: 'sprintf': This function or variable may be unsafe. Consider using sprintf_s instead. To disable deprecation, use _CRT_SECURE_NO_WARNINGS. See online help for details.
         c:\program files (x86)\windows kits\10\include\10.0.10150.0\ucrt\stdio.h(1769): note: see declaration of 'sprintf'
     1>d:\vs2015\dscript\dsst\main.cpp(1190): warning C4996: 'sprintf': This function or variable may be unsafe. Consider using sprintf_s instead. To disable deprecation, use _CRT_SECURE_NO_WARNINGS. See online help for details.
         c:\program files (x86)\windows kits\10\include\10.0.10150.0\ucrt\stdio.h(1769): note: see declaration of 'sprintf'
     1>d:\vs2015\dscript\dsst\main.cpp(1201): warning C4996: 'sprintf': This function or variable may be unsafe. Consider using sprintf_s instead. To disable deprecation, use _CRT_SECURE_NO_WARNINGS. See online help for details.
         c:\program files (x86)\windows kits\10\include\10.0.10150.0\ucrt\stdio.h(1769): note: see declaration of 'sprintf'
     1>d:\vs2015\dscript\dsst\main.cpp(1230): warning C4307: '*': integral constant overflow
     1>d:\vs2015\dscript\dsst\main.cpp(1256): warning C4307: '*': integral constant overflow
     1>d:\vs2015\dscript\dsst\main.cpp(1253): warning C4996: 'strcpy': This function or variable may be unsafe. Consider using strcpy_s instead. To disable deprecation, use _CRT_SECURE_NO_WARNINGS. See online help for details.
         c:\program files (x86)\windows kits\10\include\10.0.10150.0\ucrt\string.h(119): note: see declaration of 'strcpy'
     1>d:\vs2015\dscript\dsst\main.cpp(1270): warning C4996: 'sprintf': This function or variable may be unsafe. Consider using sprintf_s instead. To disable deprecation, use _CRT_SECURE_NO_WARNINGS. See online help for details.
         c:\program files (x86)\windows kits\10\include\10.0.10150.0\ucrt\stdio.h(1769): note: see declaration of 'sprintf'
     1>d:\vs2015\dscript\dsst\main.cpp(1275): warning C4996: 'strcpy': This function or variable may be unsafe. Consider using strcpy_s instead. To disable deprecation, use _CRT_SECURE_NO_WARNINGS. See online help for details.
         c:\program files (x86)\windows kits\10\include\10.0.10150.0\ucrt\string.h(119): note: see declaration of 'strcpy'
     1>d:\vs2015\dscript\dsst\main.cpp(1276): warning C4996: 'sscanf': This function or variable may be unsafe. Consider using sscanf_s instead. To disable deprecation, use _CRT_SECURE_NO_WARNINGS. See online help for details.
         c:\program files (x86)\windows kits\10\include\10.0.10150.0\ucrt\stdio.h(2254): note: see declaration of 'sscanf'
     1>d:\vs2015\dscript\dsst\main.cpp(1281): warning C4996: 'sprintf': This function or variable may be unsafe. Consider using sprintf_s instead. To disable deprecation, use _CRT_SECURE_NO_WARNINGS. See online help for details.
         c:\program files (x86)\windows kits\10\include\10.0.10150.0\ucrt\stdio.h(1769): note: see declaration of 'sprintf'
     1>d:\vs2015\dscript\dsst\main.cpp(1285): warning C4996: 'strcpy': This function or variable may be unsafe. Consider using strcpy_s instead. To disable deprecation, use _CRT_SECURE_NO_WARNINGS. See online help for details.
         c:\program files (x86)\windows kits\10\include\10.0.10150.0\ucrt\string.h(119): note: see declaration of 'strcpy'
     1>d:\vs2015\dscript\dsst\main.cpp(1287): warning C4996: 'sprintf': This function or variable may be unsafe. Consider using sprintf_s instead. To disable deprecation, use _CRT_SECURE_NO_WARNINGS. See online help for details.
         c:\program files (x86)\windows kits\10\include\10.0.10150.0\ucrt\stdio.h(1769): note: see declaration of 'sprintf'
     1>d:\vs2015\dscript\dsst\main.cpp(1311): warning C4018: '<': signed/unsigned mismatch
     1>d:\vs2015\dscript\dsst\main.cpp(1313): warning C4018: '<': signed/unsigned mismatch
     1>d:\vs2015\dscript\dsst\main.cpp(1307): warning C4996: 'strcpy': This function or variable may be unsafe. Consider using strcpy_s instead. To disable deprecation, use _CRT_SECURE_NO_WARNINGS. See online help for details.
         c:\program files (x86)\windows kits\10\include\10.0.10150.0\ucrt\string.h(119): note: see declaration of 'strcpy'
     1>d:\vs2015\dscript\dsst\main.cpp(745): warning C4715: 'LoadScript': not all control paths return a value
     1>d:\vs2015\dscript\dsst\main.cpp(1203): warning C4172: returning address of local variable or temporary: macroStringFilled
     1>d:\vs2015\dscript\dsst\main.cpp(166): warning C4172: returning address of local variable or temporary: macroStringFilled
       Link:
         C:\Program Files (x86)\Microsoft Visual Studio 14.0\VC\bin\link.exe /ERRORREPORT:PROMPT /OUT:"D:\VS2015\DScript\Debug\DScript.exe" /INCREMENTAL /NOLOGO Libs\\fmod\\fmodex_vc.lib Libs\\liblsl\\liblsl32.lib Libs\\freetype\\freetype26MT.lib Libs/freeglut/freeglut_static.lib kernel32.lib user32.lib gdi32.lib winspool.lib comdlg32.lib advapi32.lib shell32.lib ole32.lib oleaut32.lib uuid.lib odbc32.lib odbccp32.lib /MANIFEST /MANIFESTUAC:"level='asInvoker' uiAccess='false'" /manifest:embed /Debug /PDB:"D:\VS2015\DScript\Debug\DScript.pdb" /SUBSYSTEM:CONSOLE,"5.01" /TLBID:1 /DYNAMICBASE /NXCOMPAT /IMPLIB:"D:\VS2015\DScript\Debug\DScript.lib" /MACHINE:X86 Debug\DSST.res
         Debug\AudioDictionary.obj
         Debug\com.obj
         Debug\freetype.obj
         Debug\game.obj
         Debug\glmimg.obj
         Debug\png.obj
         Debug\pngerror.obj
         Debug\pnggccrd.obj
         Debug\pngget.obj
         Debug\pngmem.obj
         Debug\pngpread.obj
         Debug\pngread.obj
         Debug\pngrio.obj
         Debug\pngrtran.obj
         Debug\pngrutil.obj
         Debug\pngset.obj
         Debug\pngtrans.obj
         Debug\pngvcrd.obj
         Debug\pngwio.obj
         Debug\pngwrite.obj
         Debug\pngwtran.obj
         Debug\pngwutil.obj
         Debug\adler32.obj
         Debug\compress.obj
         Debug\crc32.obj
         Debug\deflate.obj
         Debug\gzio.obj
         Debug\infback.obj
         Debug\inffast.obj
         Debug\inflate.obj
         Debug\inftrees.obj
         Debug\trees.obj
         Debug\uncompr.obj
         Debug\zutil.obj
         Debug\QPC.obj
         Debug\Log.obj
         Debug\main.obj
         Debug\TextureDictionary.obj
         freeglut_static.lib(fg_window.obj) : MSIL .netmodule or module compiled with /GL found; restarting link with /LTCG; add /LTCG to the link command line to improve linker performance
     1>LINK : warning LNK4075: ignoring '/INCREMENTAL' due to '/LTCG' specification
     1>AudioDictionary.obj : warning LNK4075: ignoring '/EDITANDCONTINUE' due to '/OPT:LBR' specification
     1>LINK : warning LNK4098: defaultlib 'LIBCMT' conflicts with use of other libs; use /NODEFAULTLIB:library
         Generating code
         Finished generating code
         DSST.vcxproj -> D:\VS2015\DScript\Debug\DScript.exe
     1>Done Building Project "D:\VS2015\DScript\DSST\DSST.vcxproj" (Build target(s)).

Build succeeded.

Time Elapsed 00:00:04.03
