d:\vs2015\dsst\dsst\debug\vc140.pdb
d:\vs2015\dsst\dsst\debug\vc140.idb
d:\vs2015\dsst\dsst\debug\com.obj
d:\vs2015\dsst\dsst\debug\freetype.obj
d:\vs2015\dsst\dsst\debug\game.obj
d:\vs2015\dsst\dsst\debug\glmimg.obj
d:\vs2015\dsst\dsst\debug\adler32.obj
d:\vs2015\dsst\dsst\debug\compress.obj
d:\vs2015\dsst\dsst\debug\crc32.obj
d:\vs2015\dsst\dsst\debug\deflate.obj
d:\vs2015\dsst\dsst\debug\gzio.obj
d:\vs2015\dsst\dsst\debug\infback.obj
d:\vs2015\dsst\dsst\debug\inffast.obj
d:\vs2015\dsst\dsst\debug\inflate.obj
d:\vs2015\dsst\dsst\debug\inftrees.obj
d:\vs2015\dsst\dsst\debug\trees.obj
d:\vs2015\dsst\dsst\debug\uncompr.obj
d:\vs2015\dsst\dsst\debug\zutil.obj
d:\vs2015\dsst\dsst\debug\qpc.obj
d:\vs2015\dsst\dsst\debug\log.obj
d:\vs2015\dsst\dsst\debug\main.obj
d:\vs2015\dsst\dsst\debug\texturedictionary.obj
d:\vs2015\dsst\dsst\debug\audiodictionary.obj
d:\vs2015\dsst\dsst\debug\png.obj
d:\vs2015\dsst\dsst\debug\pngerror.obj
d:\vs2015\dsst\dsst\debug\pnggccrd.obj
d:\vs2015\dsst\dsst\debug\pngget.obj
d:\vs2015\dsst\dsst\debug\pngmem.obj
d:\vs2015\dsst\dsst\debug\pngpread.obj
d:\vs2015\dsst\dsst\debug\pngread.obj
d:\vs2015\dsst\dsst\debug\pngrio.obj
d:\vs2015\dsst\dsst\debug\pngrtran.obj
d:\vs2015\dsst\dsst\debug\pngrutil.obj
d:\vs2015\dsst\dsst\debug\pngset.obj
d:\vs2015\dsst\dsst\debug\pngtrans.obj
d:\vs2015\dsst\dsst\debug\pngvcrd.obj
d:\vs2015\dsst\dsst\debug\pngwio.obj
d:\vs2015\dsst\dsst\debug\pngwrite.obj
d:\vs2015\dsst\dsst\debug\pngwtran.obj
d:\vs2015\dsst\dsst\debug\pngwutil.obj
d:\vs2015\dsst\dsst\debug\dsst.res
d:\vs2015\dsst\debug\dsst.pdb
d:\vs2015\dsst\dsst\debug\dsst.tlog\cl.command.1.tlog
d:\vs2015\dsst\dsst\debug\dsst.tlog\cl.read.1.tlog
d:\vs2015\dsst\dsst\debug\dsst.tlog\cl.write.1.tlog
d:\vs2015\dsst\dsst\debug\dsst.tlog\link-cvtres.read.1.tlog
d:\vs2015\dsst\dsst\debug\dsst.tlog\link-cvtres.write.1.tlog
d:\vs2015\dsst\dsst\debug\dsst.tlog\link-rc.read.1.tlog
d:\vs2015\dsst\dsst\debug\dsst.tlog\link-rc.write.1.tlog
d:\vs2015\dsst\dsst\debug\dsst.tlog\link.17796.read.1.tlog
d:\vs2015\dsst\dsst\debug\dsst.tlog\link.17796.write.1.tlog
d:\vs2015\dsst\dsst\debug\dsst.tlog\link.18460.read.1.tlog
d:\vs2015\dsst\dsst\debug\dsst.tlog\link.18460.write.1.tlog
d:\vs2015\dsst\dsst\debug\dsst.tlog\link.19076.read.1.tlog
d:\vs2015\dsst\dsst\debug\dsst.tlog\link.19076.write.1.tlog
d:\vs2015\dsst\dsst\debug\dsst.tlog\link.20396.read.1.tlog
d:\vs2015\dsst\dsst\debug\dsst.tlog\link.20396.write.1.tlog
d:\vs2015\dsst\dsst\debug\dsst.tlog\link.20728.read.1.tlog
d:\vs2015\dsst\dsst\debug\dsst.tlog\link.20728.write.1.tlog
d:\vs2015\dsst\dsst\debug\dsst.tlog\link.21752.read.1.tlog
d:\vs2015\dsst\dsst\debug\dsst.tlog\link.21752.write.1.tlog
d:\vs2015\dsst\dsst\debug\dsst.tlog\link.21792.read.1.tlog
d:\vs2015\dsst\dsst\debug\dsst.tlog\link.21792.write.1.tlog
d:\vs2015\dsst\dsst\debug\dsst.tlog\link.21800.read.1.tlog
d:\vs2015\dsst\dsst\debug\dsst.tlog\link.21800.write.1.tlog
d:\vs2015\dsst\dsst\debug\dsst.tlog\link.21984.read.1.tlog
d:\vs2015\dsst\dsst\debug\dsst.tlog\link.21984.write.1.tlog
d:\vs2015\dsst\dsst\debug\dsst.tlog\link.22372.read.1.tlog
d:\vs2015\dsst\dsst\debug\dsst.tlog\link.22372.write.1.tlog
d:\vs2015\dsst\dsst\debug\dsst.tlog\link.22460.read.1.tlog
d:\vs2015\dsst\dsst\debug\dsst.tlog\link.22460.write.1.tlog
d:\vs2015\dsst\dsst\debug\dsst.tlog\link.23812.read.1.tlog
d:\vs2015\dsst\dsst\debug\dsst.tlog\link.23812.write.1.tlog
d:\vs2015\dsst\dsst\debug\dsst.tlog\link.command.1.tlog
d:\vs2015\dsst\dsst\debug\dsst.tlog\link.read.1.tlog
d:\vs2015\dsst\dsst\debug\dsst.tlog\link.write.1.tlog
d:\vs2015\dsst\dsst\debug\dsst.tlog\rc.command.1.tlog
d:\vs2015\dsst\dsst\debug\dsst.tlog\rc.read.1.tlog
d:\vs2015\dsst\dsst\debug\dsst.tlog\rc.write.1.tlog
